# JRE version: Java(TM) SE Runtime Environment (22.0+36) (build 22+36-2370)
# Java VM: Java HotSpot(TM) 64-Bit Server VM (22+36-2370, mixed mode, sharing, tiered, compressed oops, compressed class ptrs, g1 gc, windows-amd64)
GC Precious Log:
 CardTable entry size: 512
 Card Set container configuration: InlinePtr #cards 5 size 8 Array Of Cards #cards 12 size 40 Howl #buckets 4 coarsen threshold 1843 Howl Bitmap #cards 512 size 80 coarsen threshold 460 Card regions per heap region 1 cards per card region 2048
 CPUs: 2 total, 2 available
 Memory: 4095M
 Large Page Support: Disabled
 NUMA Support: Disabled
 Compressed Oops: Enabled (32-bit)
 Heap Region Size: 1M
 Heap Min Capacity: 8M
 Heap Initial Capacity: 64M
 Heap Max Capacity: 1G
 Pre-touch: Disabled
 Parallel Workers: 2
 Concurrent Workers: 1
 Concurrent Refinement Workers: 2
 Periodic GC: Disabled
Heap:
 garbage-first heap   total reserved 1048576K, committed 45056K, used 32956K [0x00000000c0000000, 0x0000000100000000)
  region size 1024K, 15 young (15360K), 2 survivors (2048K)
 Metaspace       used 38965K, committed 39360K, reserved 1114112K
  class space    used 4962K, committed 5120K, reserved 1048576K
GC Heap History (20 events):
Event: 0.700 GC heap before
{Heap before GC invocations=0 (full 0):
 garbage-first heap   total reserved 1048576K, committed 65536K, used 7168K [0x00000000c0000000, 0x0000000100000000)
  region size 1024K, 7 young (7168K), 0 survivors (0K)
 Metaspace       used 910K, committed 1024K, reserved 1114112K
  class space    used 77K, committed 128K, reserved 1048576K
}
Event: 0.728 GC heap after
{Heap after GC invocations=1 (full 0):
 garbage-first heap   total reserved 1048576K, committed 65536K, used 5328K [0x00000000c0000000, 0x0000000100000000)
  region size 1024K, 1 young (1024K), 1 survivors (1024K)
 Metaspace       used 910K, committed 1024K, reserved 1114112K
  class space    used 77K, committed 128K, reserved 1048576K
}
Event: 1.089 GC heap before
{Heap before GC invocations=1 (full 0):
 garbage-first heap   total reserved 1048576K, committed 65536K, used 9424K [0x00000000c0000000, 0x0000000100000000)
  region size 1024K, 5 young (5120K), 1 survivors (1024K)
 Metaspace       used 2189K, committed 2368K, reserved 1114112K
  class space    used 188K, committed 256K, reserved 1048576K
}
Event: 1.093 GC heap after
{Heap after GC invocations=2 (full 0):
 garbage-first heap   total reserved 1048576K, committed 65536K, used 7314K [0x00000000c0000000, 0x0000000100000000)
  region size 1024K, 1 young (1024K), 1 survivors (1024K)
 Metaspace       used 2189K, committed 2368K, reserved 1114112K
  class space    used 188K, committed 256K, reserved 1048576K
}
Event: 1.819 GC heap before
{Heap before GC invocations=2 (full 0):
 garbage-first heap   total reserved 1048576K, committed 65536K, used 13458K [0x00000000c0000000, 0x0000000100000000)
  region size 1024K, 8 young (8192K), 1 survivors (1024K)
 Metaspace       used 4092K, committed 4160K, reserved 1114112K
  class space    used 436K, committed 448K, reserved 1048576K
}
Event: 1.821 GC heap after
{Heap after GC invocations=3 (full 0):
 garbage-first heap   total reserved 1048576K, committed 65536K, used 8003K [0x00000000c0000000, 0x0000000100000000)
  region size 1024K, 1 young (1024K), 1 survivors (1024K)
 Metaspace       used 4092K, committed 4160K, reserved 1114112K
  class space    used 436K, committed 448K, reserved 1048576K
}
Event: 3.190 GC heap before
{Heap before GC invocations=3 (full 0):
 garbage-first heap   total reserved 1048576K, committed 65536K, used 22339K [0x00000000c0000000, 0x0000000100000000)
  region size 1024K, 16 young (16384K), 1 survivors (1024K)
 Metaspace       used 8599K, committed 8832K, reserved 1114112K
  class space    used 1049K, committed 1152K, reserved 1048576K
}
Event: 3.194 GC heap after
{Heap after GC invocations=4 (full 0):
 garbage-first heap   total reserved 1048576K, committed 65536K, used 9250K [0x00000000c0000000, 0x0000000100000000)
  region size 1024K, 2 young (2048K), 2 survivors (2048K)
 Metaspace       used 8599K, committed 8832K, reserved 1114112K
  class space    used 1049K, committed 1152K, reserved 1048576K
}
Event: 6.435 GC heap before
{Heap before GC invocations=4 (full 0):
 garbage-first heap   total reserved 1048576K, committed 65536K, used 45090K [0x00000000c0000000, 0x0000000100000000)
  region size 1024K, 38 young (38912K), 2 survivors (2048K)
 Metaspace       used 18768K, committed 19072K, reserved 1114112K
  class space    used 2386K, committed 2496K, reserved 1048576K
}
Event: 6.442 GC heap after
{Heap after GC invocations=5 (full 0):
 garbage-first heap   total reserved 1048576K, committed 65536K, used 12044K [0x00000000c0000000, 0x0000000100000000)
  region size 1024K, 5 young (5120K), 5 survivors (5120K)
 Metaspace       used 18768K, committed 19072K, reserved 1114112K
  class space    used 2386K, committed 2496K, reserved 1048576K
}
Event: 6.587 GC heap before
{Heap before GC invocations=5 (full 0):
 garbage-first heap   total reserved 1048576K, committed 65536K, used 20236K [0x00000000c0000000, 0x0000000100000000)
  region size 1024K, 15 young (15360K), 5 survivors (5120K)
 Metaspace       used 21252K, committed 21504K, reserved 1114112K
  class space    used 2698K, committed 2816K, reserved 1048576K
}
Event: 6.596 GC heap after
{Heap after GC invocations=6 (full 0):
 garbage-first heap   total reserved 1048576K, committed 65536K, used 12656K [0x00000000c0000000, 0x0000000100000000)
  region size 1024K, 1 young (1024K), 1 survivors (1024K)
 Metaspace       used 21252K, committed 21504K, reserved 1114112K
  class space    used 2698K, committed 2816K, reserved 1048576K
}
Event: 10.117 GC heap before
{Heap before GC invocations=7 (full 0):
 garbage-first heap   total reserved 1048576K, committed 45056K, used 38256K [0x00000000c0000000, 0x0000000100000000)
  region size 1024K, 26 young (26624K), 1 survivors (1024K)
 Metaspace       used 24675K, committed 24960K, reserved 1114112K
  class space    used 3147K, committed 3264K, reserved 1048576K
}
Event: 10.124 GC heap after
{Heap after GC invocations=8 (full 0):
 garbage-first heap   total reserved 1048576K, committed 45056K, used 15473K [0x00000000c0000000, 0x0000000100000000)
  region size 1024K, 4 young (4096K), 4 survivors (4096K)
 Metaspace       used 24675K, committed 24960K, reserved 1114112K
  class space    used 3147K, committed 3264K, reserved 1048576K
}
Event: 12.003 GC heap before
{Heap before GC invocations=8 (full 0):
 garbage-first heap   total reserved 1048576K, committed 45056K, used 35953K [0x00000000c0000000, 0x0000000100000000)
  region size 1024K, 24 young (24576K), 4 survivors (4096K)
 Metaspace       used 27689K, committed 28032K, reserved 1114112K
  class space    used 3576K, committed 3712K, reserved 1048576K
}
Event: 12.010 GC heap after
{Heap after GC invocations=9 (full 0):
 garbage-first heap   total reserved 1048576K, committed 45056K, used 16501K [0x00000000c0000000, 0x0000000100000000)
  region size 1024K, 2 young (2048K), 2 survivors (2048K)
 Metaspace       used 27689K, committed 28032K, reserved 1114112K
  class space    used 3576K, committed 3712K, reserved 1048576K
}
Event: 14.402 GC heap before
{Heap before GC invocations=9 (full 0):
 garbage-first heap   total reserved 1048576K, committed 45056K, used 36981K [0x00000000c0000000, 0x0000000100000000)
  region size 1024K, 22 young (22528K), 2 survivors (2048K)
 Metaspace       used 30974K, committed 31488K, reserved 1114112K
  class space    used 4057K, committed 4288K, reserved 1048576K
}
Event: 14.407 GC heap after
{Heap after GC invocations=10 (full 0):
 garbage-first heap   total reserved 1048576K, committed 45056K, used 18432K [0x00000000c0000000, 0x0000000100000000)
  region size 1024K, 3 young (3072K), 3 survivors (3072K)
 Metaspace       used 30974K, committed 31488K, reserved 1114112K
  class space    used 4057K, committed 4288K, reserved 1048576K
}
Event: 16.572 GC heap before
{Heap before GC invocations=10 (full 0):
 garbage-first heap   total reserved 1048576K, committed 45056K, used 32768K [0x00000000c0000000, 0x0000000100000000)
  region size 1024K, 19 young (19456K), 3 survivors (3072K)
 Metaspace       used 35579K, committed 35968K, reserved 1114112K
  class space    used 4434K, committed 4608K, reserved 1048576K
}
Event: 16.578 GC heap after
{Heap after GC invocations=11 (full 0):
 garbage-first heap   total reserved 1048576K, committed 45056K, used 20668K [0x00000000c0000000, 0x0000000100000000)
  region size 1024K, 2 young (2048K), 2 survivors (2048K)
 Metaspace       used 35579K, committed 35968K, reserved 1114112K
  class space    used 4434K, committed 4608K, reserved 1048576K
}

